<?xml version="1.0" encoding="UTF-8"?>
<coverage generated="1632676556786" clover="3.2.0">
  <project timestamp="1632676556787" name="All files">
    <metrics statements="4" coveredstatements="3" conditionals="2" coveredconditionals="1" methods="1" coveredmethods="1" elements="7" coveredelements="5" complexity="0" loc="4" ncloc="4" packages="1" files="1" classes="1"/>
    <file name="index.ts" path="C:\Users\alhas\OneDrive\Desktop\npm\volder\src\index.ts">
      <metrics statements="4" coveredstatements="3" conditionals="2" coveredconditionals="1" methods="1" coveredmethods="1"/>
      <line num="1" count="1" type="stmt"/>
      <line num="2" count="1" type="cond" truecount="1" falsecount="1"/>
      <line num="3" count="0" type="stmt"/>
      <line num="5" count="1" type="stmt"/>
    </file>
  </project>
</coverage>
